2022-11-29 03:58:52 [undefined] error: POST /users
2022-11-29 04:21:29 [undefined] error: GET, /users/current
2022-11-29 10:42:07 [undefined] error: PATCH, /users/:userId/image
2022-11-29 10:42:44 [undefined] error: PATCH, /users/:userId/image
2022-11-29 10:44:55 [undefined] error: GET, /users
2022-11-29 13:38:44 [undefined] error: GET, /users
2022-11-29 13:39:57 [undefined] error: GET, /users
2022-11-29 13:40:08 [undefined] error: GET, /users
2022-11-29 13:42:03 [undefined] error: GET, /users
2022-11-29 13:43:20 [undefined] error: GET, /users
2022-11-29 13:44:20 [undefined] error: GET, /users
2022-11-29 13:45:39 [undefined] error: GET, /users
2022-11-29 13:46:06 [undefined] error: GET, /users
2022-11-29 13:46:30 [undefined] error: GET, /users
2022-11-29 14:29:13 [undefined] error: POST /users
2022-11-29 14:43:41 [undefined] error: GET, /users
2022-11-29 15:00:11 [undefined] error: GET, /users
2022-11-29 15:02:49 [undefined] error: GET, /users
2022-11-29 15:03:51 [undefined] error: GET, /users/current
2022-11-29 15:05:26 [undefined] error: PUT, /users/:userId
2022-11-29 15:05:30 [undefined] error: PUT, /users/:userId
2022-11-29 15:06:00 [undefined] error: PUT, /users/:userId
2022-11-29 15:06:03 [undefined] error: PUT, /users/:userId
2022-11-29 15:06:20 [undefined] error: PATCH, /users/:userId/image
2022-11-29 15:10:14 [undefined] error: PATCH, /users/:userId/image
2022-11-29 15:11:30 [undefined] error: PUT, /users/:userId
2022-11-29 15:11:46 [undefined] error: PUT, /users/:userId
2022-11-29 15:12:14 [undefined] error: PUT, /users/:userId
2022-11-29 15:14:52 [undefined] error: PUT, /users/:userId
2022-11-29 15:16:55 [undefined] error: PUT, /users/:userId
2022-11-29 15:18:17 [undefined] error: PUT, /users/:userId
2022-11-29 15:18:59 [undefined] error: PUT, /users/:userId
2022-11-29 15:19:45 [undefined] error: PUT, /users/:userId
2022-11-29 15:21:15 [undefined] error: PUT, /users/:userId
2022-11-29 15:22:08 [undefined] error: PUT, /users/:userId
2022-11-29 15:22:38 [undefined] error: PATCH, /users/:userId/image
2022-11-29 15:24:47 [undefined] error: GET, /users/current
2022-11-29 15:25:47 [undefined] error: GET, /users/current
