2022-11-29 03:44:30 [undefined] error: uncaughtException: passport is not defined
ReferenceError: passport is not defined
    at Object.<anonymous> (C:\Users\sun\Desktop\team08 project\team08-project\backend\/app.js:33:9)
    at Module._compile (node:internal/modules/cjs/loader:1126:14)
    at Module._compile (C:\Users\sun\Desktop\team08 project\team08-project\backend\node_modules\pirates\lib\index.js:136:24)
    at Module._extensions..js (node:internal/modules/cjs/loader:1180:10)
    at Object.newLoader [as .js] (C:\Users\sun\Desktop\team08 project\team08-project\backend\node_modules\pirates\lib\index.js:141:7)
    at Module.load (node:internal/modules/cjs/loader:1004:32)
    at Function.Module._load (node:internal/modules/cjs/loader:839:12)
    at Function.runMain (node:internal/modules/run_main:81:12)
    at Object.<anonymous> (C:\Users\sun\Desktop\team08 project\team08-project\backend\node_modules\@babel\node\src\_babel-node.ts:214:12)
    at Module._compile (node:internal/modules/cjs/loader:1126:14)
    at Object.Module._extensions..js (node:internal/modules/cjs/loader:1180:10)
    at Module.load (node:internal/modules/cjs/loader:1004:32)
    at Function.Module._load (node:internal/modules/cjs/loader:839:12)
    at Function.executeUserEntryPoint [as runMain] (node:internal/modules/run_main:81:12)
    at node:internal/main/run_main_module:17:47
2022-11-29 03:44:51 [undefined] error: uncaughtException: passport is not defined
ReferenceError: passport is not defined
    at Object.<anonymous> (C:\Users\sun\Desktop\team08 project\team08-project\backend\/app.js:33:9)
    at Module._compile (node:internal/modules/cjs/loader:1126:14)
    at Module._compile (C:\Users\sun\Desktop\team08 project\team08-project\backend\node_modules\pirates\lib\index.js:136:24)
    at Module._extensions..js (node:internal/modules/cjs/loader:1180:10)
    at Object.newLoader [as .js] (C:\Users\sun\Desktop\team08 project\team08-project\backend\node_modules\pirates\lib\index.js:141:7)
    at Module.load (node:internal/modules/cjs/loader:1004:32)
    at Function.Module._load (node:internal/modules/cjs/loader:839:12)
    at Function.runMain (node:internal/modules/run_main:81:12)
    at Object.<anonymous> (C:\Users\sun\Desktop\team08 project\team08-project\backend\node_modules\@babel\node\src\_babel-node.ts:214:12)
    at Module._compile (node:internal/modules/cjs/loader:1126:14)
    at Object.Module._extensions..js (node:internal/modules/cjs/loader:1180:10)
    at Module.load (node:internal/modules/cjs/loader:1004:32)
    at Function.Module._load (node:internal/modules/cjs/loader:839:12)
    at Function.executeUserEntryPoint [as runMain] (node:internal/modules/run_main:81:12)
    at node:internal/main/run_main_module:17:47
2022-11-29 03:45:16 [undefined] error: uncaughtException: passport is not defined
ReferenceError: passport is not defined
    at Object.<anonymous> (C:\Users\sun\Desktop\team08 project\team08-project\backend\/app.js:33:9)
    at Module._compile (node:internal/modules/cjs/loader:1126:14)
    at Module._compile (C:\Users\sun\Desktop\team08 project\team08-project\backend\node_modules\pirates\lib\index.js:136:24)
    at Module._extensions..js (node:internal/modules/cjs/loader:1180:10)
    at Object.newLoader [as .js] (C:\Users\sun\Desktop\team08 project\team08-project\backend\node_modules\pirates\lib\index.js:141:7)
    at Module.load (node:internal/modules/cjs/loader:1004:32)
    at Function.Module._load (node:internal/modules/cjs/loader:839:12)
    at Function.runMain (node:internal/modules/run_main:81:12)
    at Object.<anonymous> (C:\Users\sun\Desktop\team08 project\team08-project\backend\node_modules\@babel\node\src\_babel-node.ts:214:12)
    at Module._compile (node:internal/modules/cjs/loader:1126:14)
    at Object.Module._extensions..js (node:internal/modules/cjs/loader:1180:10)
    at Module.load (node:internal/modules/cjs/loader:1004:32)
    at Function.Module._load (node:internal/modules/cjs/loader:839:12)
    at Function.executeUserEntryPoint [as runMain] (node:internal/modules/run_main:81:12)
    at node:internal/main/run_main_module:17:47
2022-11-29 03:45:34 [undefined] error: uncaughtException: passport is not defined
ReferenceError: passport is not defined
    at Object.<anonymous> (C:\Users\sun\Desktop\team08 project\team08-project\backend\/app.js:33:9)
    at Module._compile (node:internal/modules/cjs/loader:1126:14)
    at Module._compile (C:\Users\sun\Desktop\team08 project\team08-project\backend\node_modules\pirates\lib\index.js:136:24)
    at Module._extensions..js (node:internal/modules/cjs/loader:1180:10)
    at Object.newLoader [as .js] (C:\Users\sun\Desktop\team08 project\team08-project\backend\node_modules\pirates\lib\index.js:141:7)
    at Module.load (node:internal/modules/cjs/loader:1004:32)
    at Function.Module._load (node:internal/modules/cjs/loader:839:12)
    at Function.runMain (node:internal/modules/run_main:81:12)
    at Object.<anonymous> (C:\Users\sun\Desktop\team08 project\team08-project\backend\node_modules\@babel\node\src\_babel-node.ts:214:12)
    at Module._compile (node:internal/modules/cjs/loader:1126:14)
    at Object.Module._extensions..js (node:internal/modules/cjs/loader:1180:10)
    at Module.load (node:internal/modules/cjs/loader:1004:32)
    at Function.Module._load (node:internal/modules/cjs/loader:839:12)
    at Function.executeUserEntryPoint [as runMain] (node:internal/modules/run_main:81:12)
    at node:internal/main/run_main_module:17:47
2022-11-29 03:45:49 [undefined] error: uncaughtException: passport is not defined
ReferenceError: passport is not defined
    at Object.<anonymous> (C:\Users\sun\Desktop\team08 project\team08-project\backend\/app.js:33:9)
    at Module._compile (node:internal/modules/cjs/loader:1126:14)
    at Module._compile (C:\Users\sun\Desktop\team08 project\team08-project\backend\node_modules\pirates\lib\index.js:136:24)
    at Module._extensions..js (node:internal/modules/cjs/loader:1180:10)
    at Object.newLoader [as .js] (C:\Users\sun\Desktop\team08 project\team08-project\backend\node_modules\pirates\lib\index.js:141:7)
    at Module.load (node:internal/modules/cjs/loader:1004:32)
    at Function.Module._load (node:internal/modules/cjs/loader:839:12)
    at Function.runMain (node:internal/modules/run_main:81:12)
    at Object.<anonymous> (C:\Users\sun\Desktop\team08 project\team08-project\backend\node_modules\@babel\node\src\_babel-node.ts:214:12)
    at Module._compile (node:internal/modules/cjs/loader:1126:14)
    at Object.Module._extensions..js (node:internal/modules/cjs/loader:1180:10)
    at Module.load (node:internal/modules/cjs/loader:1004:32)
    at Function.Module._load (node:internal/modules/cjs/loader:839:12)
    at Function.executeUserEntryPoint [as runMain] (node:internal/modules/run_main:81:12)
    at node:internal/main/run_main_module:17:47
2022-11-29 03:47:46 [undefined] error: uncaughtException: require() of ES Module C:\Users\sun\Desktop\team08 project\team08-project\backend\node_modules\@sindresorhus\is\dist\index.js from C:\Users\sun\Desktop\team08 project\team08-project\backend\app.js not supported.
Instead change the require of index.js in C:\Users\sun\Desktop\team08 project\team08-project\backend\app.js to a dynamic import() which is available in all CommonJS modules.
Error [ERR_REQUIRE_ESM]: require() of ES Module C:\Users\sun\Desktop\team08 project\team08-project\backend\node_modules\@sindresorhus\is\dist\index.js from C:\Users\sun\Desktop\team08 project\team08-project\backend\app.js not supported.
Instead change the require of index.js in C:\Users\sun\Desktop\team08 project\team08-project\backend\app.js to a dynamic import() which is available in all CommonJS modules.
    at Object.newLoader [as .js] (C:\Users\sun\Desktop\team08 project\team08-project\backend\node_modules\pirates\lib\index.js:141:7)
    at Object.<anonymous> (C:\Users\sun\Desktop\team08 project\team08-project\backend\app.js:21:34)
    at Module._compile (C:\Users\sun\Desktop\team08 project\team08-project\backend\node_modules\pirates\lib\index.js:136:24)
    at Object.newLoader [as .js] (C:\Users\sun\Desktop\team08 project\team08-project\backend\node_modules\pirates\lib\index.js:141:7)
    at Object.<anonymous> (C:\Users\sun\Desktop\team08 project\team08-project\backend\node_modules\@babel\node\lib\_babel-node.js:146:21)
2022-11-29 03:48:28 [undefined] error: uncaughtException: require() of ES Module C:\Users\sun\Desktop\team08 project\team08-project\backend\node_modules\@sindresorhus\is\dist\index.js from C:\Users\sun\Desktop\team08 project\team08-project\backend\app.js not supported.
Instead change the require of index.js in C:\Users\sun\Desktop\team08 project\team08-project\backend\app.js to a dynamic import() which is available in all CommonJS modules.
Error [ERR_REQUIRE_ESM]: require() of ES Module C:\Users\sun\Desktop\team08 project\team08-project\backend\node_modules\@sindresorhus\is\dist\index.js from C:\Users\sun\Desktop\team08 project\team08-project\backend\app.js not supported.
Instead change the require of index.js in C:\Users\sun\Desktop\team08 project\team08-project\backend\app.js to a dynamic import() which is available in all CommonJS modules.
    at Object.newLoader [as .js] (C:\Users\sun\Desktop\team08 project\team08-project\backend\node_modules\pirates\lib\index.js:141:7)
    at Object.<anonymous> (C:\Users\sun\Desktop\team08 project\team08-project\backend\app.js:20:34)
    at Module._compile (C:\Users\sun\Desktop\team08 project\team08-project\backend\node_modules\pirates\lib\index.js:136:24)
    at Object.newLoader [as .js] (C:\Users\sun\Desktop\team08 project\team08-project\backend\node_modules\pirates\lib\index.js:141:7)
    at Object.<anonymous> (C:\Users\sun\Desktop\team08 project\team08-project\backend\node_modules\@babel\node\lib\_babel-node.js:146:21)
2022-11-29 03:48:46 [undefined] error: uncaughtException: require() of ES Module C:\Users\sun\Desktop\team08 project\team08-project\backend\node_modules\@sindresorhus\is\dist\index.js from C:\Users\sun\Desktop\team08 project\team08-project\backend\app.js not supported.
Instead change the require of index.js in C:\Users\sun\Desktop\team08 project\team08-project\backend\app.js to a dynamic import() which is available in all CommonJS modules.
Error [ERR_REQUIRE_ESM]: require() of ES Module C:\Users\sun\Desktop\team08 project\team08-project\backend\node_modules\@sindresorhus\is\dist\index.js from C:\Users\sun\Desktop\team08 project\team08-project\backend\app.js not supported.
Instead change the require of index.js in C:\Users\sun\Desktop\team08 project\team08-project\backend\app.js to a dynamic import() which is available in all CommonJS modules.
    at Object.newLoader [as .js] (C:\Users\sun\Desktop\team08 project\team08-project\backend\node_modules\pirates\lib\index.js:141:7)
    at Object.<anonymous> (C:\Users\sun\Desktop\team08 project\team08-project\backend\app.js:20:34)
    at Module._compile (C:\Users\sun\Desktop\team08 project\team08-project\backend\node_modules\pirates\lib\index.js:136:24)
    at Object.newLoader [as .js] (C:\Users\sun\Desktop\team08 project\team08-project\backend\node_modules\pirates\lib\index.js:141:7)
    at Object.<anonymous> (C:\Users\sun\Desktop\team08 project\team08-project\backend\node_modules\@babel\node\lib\_babel-node.js:146:21)
2022-11-29 03:53:30 [undefined] error: uncaughtException: Cannot read properties of undefined (reading 'toJSON')
TypeError: Cannot read properties of undefined (reading 'toJSON')
    at C:\Users\sun\Desktop\team08 project\team08-project\backend\/app.js:65:35
    at IncomingMessage.login (C:\Users\sun\Desktop\team08 project\team08-project\backend\node_modules\passport\lib\http\request.js:44:13)
    at C:\Users\sun\Desktop\team08 project\team08-project\backend\/app.js:57:9
    at Strategy.strategy.success (C:\Users\sun\Desktop\team08 project\team08-project\backend\node_modules\passport\lib\middleware\authenticate.js:222:18)
    at done (C:\Users\sun\Desktop\team08 project\team08-project\backend\node_modules\passport-local\lib\strategy.js:83:10)
    at _callee$ (C:\Users\sun\Desktop\team08 project\team08-project\backend\src\utils\passport\/index.js:33:20)
    at tryCatch (C:\Users\sun\Desktop\team08 project\team08-project\backend\src\utils\passport\/index.js:2:1)
    at Generator.<anonymous> (C:\Users\sun\Desktop\team08 project\team08-project\backend\src\utils\passport\/index.js:2:1)
    at Generator.next (C:\Users\sun\Desktop\team08 project\team08-project\backend\src\utils\passport\/index.js:2:1)
    at asyncGeneratorStep (C:\Users\sun\Desktop\team08 project\team08-project\backend\src\utils\passport\/index.js:2:1)
    at _next (C:\Users\sun\Desktop\team08 project\team08-project\backend\src\utils\passport\/index.js:2:1)
2022-11-29 03:54:56 [undefined] error: uncaughtException: Cannot read properties of undefined (reading 'toJSON')
TypeError: Cannot read properties of undefined (reading 'toJSON')
    at C:\Users\sun\Desktop\team08 project\team08-project\backend\/app.js:65:35
    at IncomingMessage.login (C:\Users\sun\Desktop\team08 project\team08-project\backend\node_modules\passport\lib\http\request.js:44:13)
    at C:\Users\sun\Desktop\team08 project\team08-project\backend\/app.js:57:9
    at Strategy.strategy.success (C:\Users\sun\Desktop\team08 project\team08-project\backend\node_modules\passport\lib\middleware\authenticate.js:222:18)
    at done (C:\Users\sun\Desktop\team08 project\team08-project\backend\node_modules\passport-local\lib\strategy.js:83:10)
    at _callee$ (C:\Users\sun\Desktop\team08 project\team08-project\backend\src\utils\passport\/index.js:33:20)
    at tryCatch (C:\Users\sun\Desktop\team08 project\team08-project\backend\src\utils\passport\/index.js:2:1)
    at Generator.<anonymous> (C:\Users\sun\Desktop\team08 project\team08-project\backend\src\utils\passport\/index.js:2:1)
    at Generator.next (C:\Users\sun\Desktop\team08 project\team08-project\backend\src\utils\passport\/index.js:2:1)
    at asyncGeneratorStep (C:\Users\sun\Desktop\team08 project\team08-project\backend\src\utils\passport\/index.js:2:1)
    at _next (C:\Users\sun\Desktop\team08 project\team08-project\backend\src\utils\passport\/index.js:2:1)
2022-11-29 03:55:19 [undefined] error: uncaughtException: Cannot read properties of undefined (reading 'toJSON')
TypeError: Cannot read properties of undefined (reading 'toJSON')
    at C:\Users\sun\Desktop\team08 project\team08-project\backend\/app.js:65:35
    at IncomingMessage.login (C:\Users\sun\Desktop\team08 project\team08-project\backend\node_modules\passport\lib\http\request.js:44:13)
    at C:\Users\sun\Desktop\team08 project\team08-project\backend\/app.js:57:9
    at Strategy.strategy.success (C:\Users\sun\Desktop\team08 project\team08-project\backend\node_modules\passport\lib\middleware\authenticate.js:222:18)
    at done (C:\Users\sun\Desktop\team08 project\team08-project\backend\node_modules\passport-local\lib\strategy.js:83:10)
    at _callee$ (C:\Users\sun\Desktop\team08 project\team08-project\backend\src\utils\passport\/index.js:33:20)
    at tryCatch (C:\Users\sun\Desktop\team08 project\team08-project\backend\src\utils\passport\/index.js:2:1)
    at Generator.<anonymous> (C:\Users\sun\Desktop\team08 project\team08-project\backend\src\utils\passport\/index.js:2:1)
    at Generator.next (C:\Users\sun\Desktop\team08 project\team08-project\backend\src\utils\passport\/index.js:2:1)
    at asyncGeneratorStep (C:\Users\sun\Desktop\team08 project\team08-project\backend\src\utils\passport\/index.js:2:1)
    at _next (C:\Users\sun\Desktop\team08 project\team08-project\backend\src\utils\passport\/index.js:2:1)
2022-11-29 03:55:41 [undefined] error: uncaughtException: Cannot read properties of undefined (reading 'toJSON')
TypeError: Cannot read properties of undefined (reading 'toJSON')
    at C:\Users\sun\Desktop\team08 project\team08-project\backend\/app.js:65:35
    at IncomingMessage.login (C:\Users\sun\Desktop\team08 project\team08-project\backend\node_modules\passport\lib\http\request.js:44:13)
    at C:\Users\sun\Desktop\team08 project\team08-project\backend\/app.js:57:9
    at Strategy.strategy.success (C:\Users\sun\Desktop\team08 project\team08-project\backend\node_modules\passport\lib\middleware\authenticate.js:222:18)
    at done (C:\Users\sun\Desktop\team08 project\team08-project\backend\node_modules\passport-local\lib\strategy.js:83:10)
    at _callee$ (C:\Users\sun\Desktop\team08 project\team08-project\backend\src\utils\passport\/index.js:33:20)
    at tryCatch (C:\Users\sun\Desktop\team08 project\team08-project\backend\src\utils\passport\/index.js:2:1)
    at Generator.<anonymous> (C:\Users\sun\Desktop\team08 project\team08-project\backend\src\utils\passport\/index.js:2:1)
    at Generator.next (C:\Users\sun\Desktop\team08 project\team08-project\backend\src\utils\passport\/index.js:2:1)
    at asyncGeneratorStep (C:\Users\sun\Desktop\team08 project\team08-project\backend\src\utils\passport\/index.js:2:1)
    at _next (C:\Users\sun\Desktop\team08 project\team08-project\backend\src\utils\passport\/index.js:2:1)
2022-11-29 03:58:03 [undefined] error: uncaughtException: Cannot read properties of undefined (reading 'toJSON')
TypeError: Cannot read properties of undefined (reading 'toJSON')
    at C:\Users\sun\Desktop\team08 project\team08-project\backend\/app.js:65:35
    at IncomingMessage.login (C:\Users\sun\Desktop\team08 project\team08-project\backend\node_modules\passport\lib\http\request.js:44:13)
    at C:\Users\sun\Desktop\team08 project\team08-project\backend\/app.js:57:9
    at Strategy.strategy.success (C:\Users\sun\Desktop\team08 project\team08-project\backend\node_modules\passport\lib\middleware\authenticate.js:222:18)
    at done (C:\Users\sun\Desktop\team08 project\team08-project\backend\node_modules\passport-local\lib\strategy.js:83:10)
    at _callee$ (C:\Users\sun\Desktop\team08 project\team08-project\backend\src\utils\passport\/index.js:33:20)
    at tryCatch (C:\Users\sun\Desktop\team08 project\team08-project\backend\src\utils\passport\/index.js:2:1)
    at Generator.<anonymous> (C:\Users\sun\Desktop\team08 project\team08-project\backend\src\utils\passport\/index.js:2:1)
    at Generator.next (C:\Users\sun\Desktop\team08 project\team08-project\backend\src\utils\passport\/index.js:2:1)
    at asyncGeneratorStep (C:\Users\sun\Desktop\team08 project\team08-project\backend\src\utils\passport\/index.js:2:1)
    at _next (C:\Users\sun\Desktop\team08 project\team08-project\backend\src\utils\passport\/index.js:2:1)
2022-11-29 03:58:24 [undefined] error: uncaughtException: Cannot read properties of undefined (reading 'toJSON')
TypeError: Cannot read properties of undefined (reading 'toJSON')
    at C:\Users\sun\Desktop\team08 project\team08-project\backend\/app.js:65:35
    at IncomingMessage.login (C:\Users\sun\Desktop\team08 project\team08-project\backend\node_modules\passport\lib\http\request.js:44:13)
    at C:\Users\sun\Desktop\team08 project\team08-project\backend\/app.js:57:9
    at Strategy.strategy.success (C:\Users\sun\Desktop\team08 project\team08-project\backend\node_modules\passport\lib\middleware\authenticate.js:222:18)
    at done (C:\Users\sun\Desktop\team08 project\team08-project\backend\node_modules\passport-local\lib\strategy.js:83:10)
    at _callee$ (C:\Users\sun\Desktop\team08 project\team08-project\backend\src\utils\passport\/index.js:33:20)
    at tryCatch (C:\Users\sun\Desktop\team08 project\team08-project\backend\src\utils\passport\/index.js:2:1)
    at Generator.<anonymous> (C:\Users\sun\Desktop\team08 project\team08-project\backend\src\utils\passport\/index.js:2:1)
    at Generator.next (C:\Users\sun\Desktop\team08 project\team08-project\backend\src\utils\passport\/index.js:2:1)
    at asyncGeneratorStep (C:\Users\sun\Desktop\team08 project\team08-project\backend\src\utils\passport\/index.js:2:1)
    at _next (C:\Users\sun\Desktop\team08 project\team08-project\backend\src\utils\passport\/index.js:2:1)
2022-11-29 04:06:26 [undefined] error: uncaughtException: require() of ES Module C:\Users\sun\Desktop\team08 project\team08-project\backend\node_modules\@sindresorhus\is\dist\index.js from C:\Users\sun\Desktop\team08 project\team08-project\backend\src\controllers\user.ctrl.js not supported.
Instead change the require of index.js in C:\Users\sun\Desktop\team08 project\team08-project\backend\src\controllers\user.ctrl.js to a dynamic import() which is available in all CommonJS modules.
Error [ERR_REQUIRE_ESM]: require() of ES Module C:\Users\sun\Desktop\team08 project\team08-project\backend\node_modules\@sindresorhus\is\dist\index.js from C:\Users\sun\Desktop\team08 project\team08-project\backend\src\controllers\user.ctrl.js not supported.
Instead change the require of index.js in C:\Users\sun\Desktop\team08 project\team08-project\backend\src\controllers\user.ctrl.js to a dynamic import() which is available in all CommonJS modules.
    at Object.newLoader [as .js] (C:\Users\sun\Desktop\team08 project\team08-project\backend\node_modules\pirates\lib\index.js:141:7)
    at Object.<anonymous> (C:\Users\sun\Desktop\team08 project\team08-project\backend\src\controllers\user.ctrl.js:12:34)
    at Module._compile (C:\Users\sun\Desktop\team08 project\team08-project\backend\node_modules\pirates\lib\index.js:136:24)
    at Object.newLoader [as .js] (C:\Users\sun\Desktop\team08 project\team08-project\backend\node_modules\pirates\lib\index.js:141:7)
    at Object.<anonymous> (C:\Users\sun\Desktop\team08 project\team08-project\backend\src\routes\user.router.js:8:13)
    at Module._compile (C:\Users\sun\Desktop\team08 project\team08-project\backend\node_modules\pirates\lib\index.js:136:24)
    at Object.newLoader [as .js] (C:\Users\sun\Desktop\team08 project\team08-project\backend\node_modules\pirates\lib\index.js:141:7)
    at Object.<anonymous> (C:\Users\sun\Desktop\team08 project\team08-project\backend\app.js:14:13)
    at Module._compile (C:\Users\sun\Desktop\team08 project\team08-project\backend\node_modules\pirates\lib\index.js:136:24)
    at Object.newLoader [as .js] (C:\Users\sun\Desktop\team08 project\team08-project\backend\node_modules\pirates\lib\index.js:141:7)
    at Object.<anonymous> (C:\Users\sun\Desktop\team08 project\team08-project\backend\node_modules\@babel\node\lib\_babel-node.js:146:21)
2022-11-29 04:08:08 [undefined] error: uncaughtException: require() of ES Module C:\Users\sun\Desktop\team08 project\team08-project\backend\node_modules\@sindresorhus\is\dist\index.js from C:\Users\sun\Desktop\team08 project\team08-project\backend\src\controllers\user.ctrl.js not supported.
Instead change the require of index.js in C:\Users\sun\Desktop\team08 project\team08-project\backend\src\controllers\user.ctrl.js to a dynamic import() which is available in all CommonJS modules.
Error [ERR_REQUIRE_ESM]: require() of ES Module C:\Users\sun\Desktop\team08 project\team08-project\backend\node_modules\@sindresorhus\is\dist\index.js from C:\Users\sun\Desktop\team08 project\team08-project\backend\src\controllers\user.ctrl.js not supported.
Instead change the require of index.js in C:\Users\sun\Desktop\team08 project\team08-project\backend\src\controllers\user.ctrl.js to a dynamic import() which is available in all CommonJS modules.
    at Object.newLoader [as .js] (C:\Users\sun\Desktop\team08 project\team08-project\backend\node_modules\pirates\lib\index.js:141:7)
    at Object.<anonymous> (C:\Users\sun\Desktop\team08 project\team08-project\backend\src\controllers\user.ctrl.js:12:34)
    at Module._compile (C:\Users\sun\Desktop\team08 project\team08-project\backend\node_modules\pirates\lib\index.js:136:24)
    at Object.newLoader [as .js] (C:\Users\sun\Desktop\team08 project\team08-project\backend\node_modules\pirates\lib\index.js:141:7)
    at Object.<anonymous> (C:\Users\sun\Desktop\team08 project\team08-project\backend\src\routes\user.router.js:8:13)
    at Module._compile (C:\Users\sun\Desktop\team08 project\team08-project\backend\node_modules\pirates\lib\index.js:136:24)
    at Object.newLoader [as .js] (C:\Users\sun\Desktop\team08 project\team08-project\backend\node_modules\pirates\lib\index.js:141:7)
    at Object.<anonymous> (C:\Users\sun\Desktop\team08 project\team08-project\backend\app.js:14:13)
    at Module._compile (C:\Users\sun\Desktop\team08 project\team08-project\backend\node_modules\pirates\lib\index.js:136:24)
    at Object.newLoader [as .js] (C:\Users\sun\Desktop\team08 project\team08-project\backend\node_modules\pirates\lib\index.js:141:7)
    at Object.<anonymous> (C:\Users\sun\Desktop\team08 project\team08-project\backend\node_modules\@babel\node\lib\_babel-node.js:146:21)
2022-11-29 04:08:29 [undefined] error: uncaughtException: require() of ES Module C:\Users\sun\Desktop\team08 project\team08-project\backend\node_modules\@sindresorhus\is\dist\index.js from C:\Users\sun\Desktop\team08 project\team08-project\backend\src\controllers\user.ctrl.js not supported.
Instead change the require of index.js in C:\Users\sun\Desktop\team08 project\team08-project\backend\src\controllers\user.ctrl.js to a dynamic import() which is available in all CommonJS modules.
Error [ERR_REQUIRE_ESM]: require() of ES Module C:\Users\sun\Desktop\team08 project\team08-project\backend\node_modules\@sindresorhus\is\dist\index.js from C:\Users\sun\Desktop\team08 project\team08-project\backend\src\controllers\user.ctrl.js not supported.
Instead change the require of index.js in C:\Users\sun\Desktop\team08 project\team08-project\backend\src\controllers\user.ctrl.js to a dynamic import() which is available in all CommonJS modules.
    at Object.newLoader [as .js] (C:\Users\sun\Desktop\team08 project\team08-project\backend\node_modules\pirates\lib\index.js:141:7)
    at Object.<anonymous> (C:\Users\sun\Desktop\team08 project\team08-project\backend\src\controllers\user.ctrl.js:12:34)
    at Module._compile (C:\Users\sun\Desktop\team08 project\team08-project\backend\node_modules\pirates\lib\index.js:136:24)
    at Object.newLoader [as .js] (C:\Users\sun\Desktop\team08 project\team08-project\backend\node_modules\pirates\lib\index.js:141:7)
    at Object.<anonymous> (C:\Users\sun\Desktop\team08 project\team08-project\backend\src\routes\user.router.js:8:13)
    at Module._compile (C:\Users\sun\Desktop\team08 project\team08-project\backend\node_modules\pirates\lib\index.js:136:24)
    at Object.newLoader [as .js] (C:\Users\sun\Desktop\team08 project\team08-project\backend\node_modules\pirates\lib\index.js:141:7)
    at Object.<anonymous> (C:\Users\sun\Desktop\team08 project\team08-project\backend\app.js:14:13)
    at Module._compile (C:\Users\sun\Desktop\team08 project\team08-project\backend\node_modules\pirates\lib\index.js:136:24)
    at Object.newLoader [as .js] (C:\Users\sun\Desktop\team08 project\team08-project\backend\node_modules\pirates\lib\index.js:141:7)
    at Object.<anonymous> (C:\Users\sun\Desktop\team08 project\team08-project\backend\node_modules\@babel\node\lib\_babel-node.js:146:21)
2022-11-29 04:08:48 [undefined] error: uncaughtException: require() of ES Module C:\Users\sun\Desktop\team08 project\team08-project\backend\node_modules\@sindresorhus\is\dist\index.js from C:\Users\sun\Desktop\team08 project\team08-project\backend\src\controllers\user.ctrl.js not supported.
Instead change the require of index.js in C:\Users\sun\Desktop\team08 project\team08-project\backend\src\controllers\user.ctrl.js to a dynamic import() which is available in all CommonJS modules.
Error [ERR_REQUIRE_ESM]: require() of ES Module C:\Users\sun\Desktop\team08 project\team08-project\backend\node_modules\@sindresorhus\is\dist\index.js from C:\Users\sun\Desktop\team08 project\team08-project\backend\src\controllers\user.ctrl.js not supported.
Instead change the require of index.js in C:\Users\sun\Desktop\team08 project\team08-project\backend\src\controllers\user.ctrl.js to a dynamic import() which is available in all CommonJS modules.
    at Object.newLoader [as .js] (C:\Users\sun\Desktop\team08 project\team08-project\backend\node_modules\pirates\lib\index.js:141:7)
    at Object.<anonymous> (C:\Users\sun\Desktop\team08 project\team08-project\backend\src\controllers\user.ctrl.js:12:34)
    at Module._compile (C:\Users\sun\Desktop\team08 project\team08-project\backend\node_modules\pirates\lib\index.js:136:24)
    at Object.newLoader [as .js] (C:\Users\sun\Desktop\team08 project\team08-project\backend\node_modules\pirates\lib\index.js:141:7)
    at Object.<anonymous> (C:\Users\sun\Desktop\team08 project\team08-project\backend\src\routes\user.router.js:8:13)
    at Module._compile (C:\Users\sun\Desktop\team08 project\team08-project\backend\node_modules\pirates\lib\index.js:136:24)
    at Object.newLoader [as .js] (C:\Users\sun\Desktop\team08 project\team08-project\backend\node_modules\pirates\lib\index.js:141:7)
    at Object.<anonymous> (C:\Users\sun\Desktop\team08 project\team08-project\backend\app.js:14:13)
    at Module._compile (C:\Users\sun\Desktop\team08 project\team08-project\backend\node_modules\pirates\lib\index.js:136:24)
    at Object.newLoader [as .js] (C:\Users\sun\Desktop\team08 project\team08-project\backend\node_modules\pirates\lib\index.js:141:7)
    at Object.<anonymous> (C:\Users\sun\Desktop\team08 project\team08-project\backend\node_modules\@babel\node\lib\_babel-node.js:146:21)
2022-11-29 04:09:00 [undefined] error: uncaughtException: require() of ES Module C:\Users\sun\Desktop\team08 project\team08-project\backend\node_modules\@sindresorhus\is\dist\index.js from C:\Users\sun\Desktop\team08 project\team08-project\backend\src\controllers\user.ctrl.js not supported.
Instead change the require of index.js in C:\Users\sun\Desktop\team08 project\team08-project\backend\src\controllers\user.ctrl.js to a dynamic import() which is available in all CommonJS modules.
Error [ERR_REQUIRE_ESM]: require() of ES Module C:\Users\sun\Desktop\team08 project\team08-project\backend\node_modules\@sindresorhus\is\dist\index.js from C:\Users\sun\Desktop\team08 project\team08-project\backend\src\controllers\user.ctrl.js not supported.
Instead change the require of index.js in C:\Users\sun\Desktop\team08 project\team08-project\backend\src\controllers\user.ctrl.js to a dynamic import() which is available in all CommonJS modules.
    at Object.newLoader [as .js] (C:\Users\sun\Desktop\team08 project\team08-project\backend\node_modules\pirates\lib\index.js:141:7)
    at Object.<anonymous> (C:\Users\sun\Desktop\team08 project\team08-project\backend\src\controllers\user.ctrl.js:12:34)
    at Module._compile (C:\Users\sun\Desktop\team08 project\team08-project\backend\node_modules\pirates\lib\index.js:136:24)
    at Object.newLoader [as .js] (C:\Users\sun\Desktop\team08 project\team08-project\backend\node_modules\pirates\lib\index.js:141:7)
    at Object.<anonymous> (C:\Users\sun\Desktop\team08 project\team08-project\backend\src\routes\user.router.js:8:13)
    at Module._compile (C:\Users\sun\Desktop\team08 project\team08-project\backend\node_modules\pirates\lib\index.js:136:24)
    at Object.newLoader [as .js] (C:\Users\sun\Desktop\team08 project\team08-project\backend\node_modules\pirates\lib\index.js:141:7)
    at Object.<anonymous> (C:\Users\sun\Desktop\team08 project\team08-project\backend\app.js:14:13)
    at Module._compile (C:\Users\sun\Desktop\team08 project\team08-project\backend\node_modules\pirates\lib\index.js:136:24)
    at Object.newLoader [as .js] (C:\Users\sun\Desktop\team08 project\team08-project\backend\node_modules\pirates\lib\index.js:141:7)
    at Object.<anonymous> (C:\Users\sun\Desktop\team08 project\team08-project\backend\node_modules\@babel\node\lib\_babel-node.js:146:21)
2022-11-29 04:09:18 [undefined] error: uncaughtException: require() of ES Module C:\Users\sun\Desktop\team08 project\team08-project\backend\node_modules\@sindresorhus\is\dist\index.js from C:\Users\sun\Desktop\team08 project\team08-project\backend\src\controllers\user.ctrl.js not supported.
Instead change the require of index.js in C:\Users\sun\Desktop\team08 project\team08-project\backend\src\controllers\user.ctrl.js to a dynamic import() which is available in all CommonJS modules.
Error [ERR_REQUIRE_ESM]: require() of ES Module C:\Users\sun\Desktop\team08 project\team08-project\backend\node_modules\@sindresorhus\is\dist\index.js from C:\Users\sun\Desktop\team08 project\team08-project\backend\src\controllers\user.ctrl.js not supported.
Instead change the require of index.js in C:\Users\sun\Desktop\team08 project\team08-project\backend\src\controllers\user.ctrl.js to a dynamic import() which is available in all CommonJS modules.
    at Object.newLoader [as .js] (C:\Users\sun\Desktop\team08 project\team08-project\backend\node_modules\pirates\lib\index.js:141:7)
    at Object.<anonymous> (C:\Users\sun\Desktop\team08 project\team08-project\backend\src\controllers\user.ctrl.js:12:34)
    at Module._compile (C:\Users\sun\Desktop\team08 project\team08-project\backend\node_modules\pirates\lib\index.js:136:24)
    at Object.newLoader [as .js] (C:\Users\sun\Desktop\team08 project\team08-project\backend\node_modules\pirates\lib\index.js:141:7)
    at Object.<anonymous> (C:\Users\sun\Desktop\team08 project\team08-project\backend\src\routes\user.router.js:8:13)
    at Module._compile (C:\Users\sun\Desktop\team08 project\team08-project\backend\node_modules\pirates\lib\index.js:136:24)
    at Object.newLoader [as .js] (C:\Users\sun\Desktop\team08 project\team08-project\backend\node_modules\pirates\lib\index.js:141:7)
    at Object.<anonymous> (C:\Users\sun\Desktop\team08 project\team08-project\backend\app.js:14:13)
    at Module._compile (C:\Users\sun\Desktop\team08 project\team08-project\backend\node_modules\pirates\lib\index.js:136:24)
    at Object.newLoader [as .js] (C:\Users\sun\Desktop\team08 project\team08-project\backend\node_modules\pirates\lib\index.js:141:7)
    at Object.<anonymous> (C:\Users\sun\Desktop\team08 project\team08-project\backend\node_modules\@babel\node\lib\_babel-node.js:146:21)
2022-11-29 04:10:05 [undefined] error: uncaughtException: require() of ES Module C:\Users\sun\Desktop\team08 project\team08-project\backend\node_modules\@sindresorhus\is\dist\index.js from C:\Users\sun\Desktop\team08 project\team08-project\backend\src\controllers\user.ctrl.js not supported.
Instead change the require of index.js in C:\Users\sun\Desktop\team08 project\team08-project\backend\src\controllers\user.ctrl.js to a dynamic import() which is available in all CommonJS modules.
Error [ERR_REQUIRE_ESM]: require() of ES Module C:\Users\sun\Desktop\team08 project\team08-project\backend\node_modules\@sindresorhus\is\dist\index.js from C:\Users\sun\Desktop\team08 project\team08-project\backend\src\controllers\user.ctrl.js not supported.
Instead change the require of index.js in C:\Users\sun\Desktop\team08 project\team08-project\backend\src\controllers\user.ctrl.js to a dynamic import() which is available in all CommonJS modules.
    at Object.newLoader [as .js] (C:\Users\sun\Desktop\team08 project\team08-project\backend\node_modules\pirates\lib\index.js:141:7)
    at Object.<anonymous> (C:\Users\sun\Desktop\team08 project\team08-project\backend\src\controllers\user.ctrl.js:12:34)
    at Module._compile (C:\Users\sun\Desktop\team08 project\team08-project\backend\node_modules\pirates\lib\index.js:136:24)
    at Object.newLoader [as .js] (C:\Users\sun\Desktop\team08 project\team08-project\backend\node_modules\pirates\lib\index.js:141:7)
    at Object.<anonymous> (C:\Users\sun\Desktop\team08 project\team08-project\backend\src\routes\user.router.js:8:13)
    at Module._compile (C:\Users\sun\Desktop\team08 project\team08-project\backend\node_modules\pirates\lib\index.js:136:24)
    at Object.newLoader [as .js] (C:\Users\sun\Desktop\team08 project\team08-project\backend\node_modules\pirates\lib\index.js:141:7)
    at Object.<anonymous> (C:\Users\sun\Desktop\team08 project\team08-project\backend\app.js:14:13)
    at Module._compile (C:\Users\sun\Desktop\team08 project\team08-project\backend\node_modules\pirates\lib\index.js:136:24)
    at Object.newLoader [as .js] (C:\Users\sun\Desktop\team08 project\team08-project\backend\node_modules\pirates\lib\index.js:141:7)
    at Object.<anonymous> (C:\Users\sun\Desktop\team08 project\team08-project\backend\node_modules\@babel\node\lib\_babel-node.js:146:21)
2022-11-29 04:11:00 [undefined] error: uncaughtException: require() of ES Module C:\Users\sun\Desktop\team08 project\team08-project\backend\node_modules\@sindresorhus\is\dist\index.js from C:\Users\sun\Desktop\team08 project\team08-project\backend\src\controllers\user.ctrl.js not supported.
Instead change the require of index.js in C:\Users\sun\Desktop\team08 project\team08-project\backend\src\controllers\user.ctrl.js to a dynamic import() which is available in all CommonJS modules.
Error [ERR_REQUIRE_ESM]: require() of ES Module C:\Users\sun\Desktop\team08 project\team08-project\backend\node_modules\@sindresorhus\is\dist\index.js from C:\Users\sun\Desktop\team08 project\team08-project\backend\src\controllers\user.ctrl.js not supported.
Instead change the require of index.js in C:\Users\sun\Desktop\team08 project\team08-project\backend\src\controllers\user.ctrl.js to a dynamic import() which is available in all CommonJS modules.
    at Object.newLoader [as .js] (C:\Users\sun\Desktop\team08 project\team08-project\backend\node_modules\pirates\lib\index.js:141:7)
    at Object.<anonymous> (C:\Users\sun\Desktop\team08 project\team08-project\backend\src\controllers\user.ctrl.js:12:34)
    at Module._compile (C:\Users\sun\Desktop\team08 project\team08-project\backend\node_modules\pirates\lib\index.js:136:24)
    at Object.newLoader [as .js] (C:\Users\sun\Desktop\team08 project\team08-project\backend\node_modules\pirates\lib\index.js:141:7)
    at Object.<anonymous> (C:\Users\sun\Desktop\team08 project\team08-project\backend\src\routes\user.router.js:8:13)
    at Module._compile (C:\Users\sun\Desktop\team08 project\team08-project\backend\node_modules\pirates\lib\index.js:136:24)
    at Object.newLoader [as .js] (C:\Users\sun\Desktop\team08 project\team08-project\backend\node_modules\pirates\lib\index.js:141:7)
    at Object.<anonymous> (C:\Users\sun\Desktop\team08 project\team08-project\backend\app.js:14:13)
    at Module._compile (C:\Users\sun\Desktop\team08 project\team08-project\backend\node_modules\pirates\lib\index.js:136:24)
    at Object.newLoader [as .js] (C:\Users\sun\Desktop\team08 project\team08-project\backend\node_modules\pirates\lib\index.js:141:7)
    at Object.<anonymous> (C:\Users\sun\Desktop\team08 project\team08-project\backend\node_modules\@babel\node\lib\_babel-node.js:146:21)
2022-11-29 04:11:26 [undefined] error: uncaughtException: require() of ES Module C:\Users\sun\Desktop\team08 project\team08-project\backend\node_modules\@sindresorhus\is\dist\index.js from C:\Users\sun\Desktop\team08 project\team08-project\backend\src\controllers\user.ctrl.js not supported.
Instead change the require of index.js in C:\Users\sun\Desktop\team08 project\team08-project\backend\src\controllers\user.ctrl.js to a dynamic import() which is available in all CommonJS modules.
Error [ERR_REQUIRE_ESM]: require() of ES Module C:\Users\sun\Desktop\team08 project\team08-project\backend\node_modules\@sindresorhus\is\dist\index.js from C:\Users\sun\Desktop\team08 project\team08-project\backend\src\controllers\user.ctrl.js not supported.
Instead change the require of index.js in C:\Users\sun\Desktop\team08 project\team08-project\backend\src\controllers\user.ctrl.js to a dynamic import() which is available in all CommonJS modules.
    at Object.newLoader [as .js] (C:\Users\sun\Desktop\team08 project\team08-project\backend\node_modules\pirates\lib\index.js:141:7)
    at Object.<anonymous> (C:\Users\sun\Desktop\team08 project\team08-project\backend\src\controllers\user.ctrl.js:12:34)
    at Module._compile (C:\Users\sun\Desktop\team08 project\team08-project\backend\node_modules\pirates\lib\index.js:136:24)
    at Object.newLoader [as .js] (C:\Users\sun\Desktop\team08 project\team08-project\backend\node_modules\pirates\lib\index.js:141:7)
    at Object.<anonymous> (C:\Users\sun\Desktop\team08 project\team08-project\backend\src\routes\user.router.js:8:13)
    at Module._compile (C:\Users\sun\Desktop\team08 project\team08-project\backend\node_modules\pirates\lib\index.js:136:24)
    at Object.newLoader [as .js] (C:\Users\sun\Desktop\team08 project\team08-project\backend\node_modules\pirates\lib\index.js:141:7)
    at Object.<anonymous> (C:\Users\sun\Desktop\team08 project\team08-project\backend\app.js:14:13)
    at Module._compile (C:\Users\sun\Desktop\team08 project\team08-project\backend\node_modules\pirates\lib\index.js:136:24)
    at Object.newLoader [as .js] (C:\Users\sun\Desktop\team08 project\team08-project\backend\node_modules\pirates\lib\index.js:141:7)
    at Object.<anonymous> (C:\Users\sun\Desktop\team08 project\team08-project\backend\node_modules\@babel\node\lib\_babel-node.js:146:21)
2022-11-29 04:11:47 [undefined] error: uncaughtException: require() of ES Module C:\Users\sun\Desktop\team08 project\team08-project\backend\node_modules\@sindresorhus\is\dist\index.js from C:\Users\sun\Desktop\team08 project\team08-project\backend\src\controllers\user.ctrl.js not supported.
Instead change the require of index.js in C:\Users\sun\Desktop\team08 project\team08-project\backend\src\controllers\user.ctrl.js to a dynamic import() which is available in all CommonJS modules.
Error [ERR_REQUIRE_ESM]: require() of ES Module C:\Users\sun\Desktop\team08 project\team08-project\backend\node_modules\@sindresorhus\is\dist\index.js from C:\Users\sun\Desktop\team08 project\team08-project\backend\src\controllers\user.ctrl.js not supported.
Instead change the require of index.js in C:\Users\sun\Desktop\team08 project\team08-project\backend\src\controllers\user.ctrl.js to a dynamic import() which is available in all CommonJS modules.
    at Object.newLoader [as .js] (C:\Users\sun\Desktop\team08 project\team08-project\backend\node_modules\pirates\lib\index.js:141:7)
    at Object.<anonymous> (C:\Users\sun\Desktop\team08 project\team08-project\backend\src\controllers\user.ctrl.js:12:34)
    at Module._compile (C:\Users\sun\Desktop\team08 project\team08-project\backend\node_modules\pirates\lib\index.js:136:24)
    at Object.newLoader [as .js] (C:\Users\sun\Desktop\team08 project\team08-project\backend\node_modules\pirates\lib\index.js:141:7)
    at Object.<anonymous> (C:\Users\sun\Desktop\team08 project\team08-project\backend\src\routes\user.router.js:8:13)
    at Module._compile (C:\Users\sun\Desktop\team08 project\team08-project\backend\node_modules\pirates\lib\index.js:136:24)
    at Object.newLoader [as .js] (C:\Users\sun\Desktop\team08 project\team08-project\backend\node_modules\pirates\lib\index.js:141:7)
    at Object.<anonymous> (C:\Users\sun\Desktop\team08 project\team08-project\backend\app.js:14:13)
    at Module._compile (C:\Users\sun\Desktop\team08 project\team08-project\backend\node_modules\pirates\lib\index.js:136:24)
    at Object.newLoader [as .js] (C:\Users\sun\Desktop\team08 project\team08-project\backend\node_modules\pirates\lib\index.js:141:7)
    at Object.<anonymous> (C:\Users\sun\Desktop\team08 project\team08-project\backend\node_modules\@babel\node\lib\_babel-node.js:146:21)
2022-11-29 04:12:05 [undefined] error: uncaughtException: require() of ES Module C:\Users\sun\Desktop\team08 project\team08-project\backend\node_modules\@sindresorhus\is\dist\index.js from C:\Users\sun\Desktop\team08 project\team08-project\backend\src\controllers\user.ctrl.js not supported.
Instead change the require of index.js in C:\Users\sun\Desktop\team08 project\team08-project\backend\src\controllers\user.ctrl.js to a dynamic import() which is available in all CommonJS modules.
Error [ERR_REQUIRE_ESM]: require() of ES Module C:\Users\sun\Desktop\team08 project\team08-project\backend\node_modules\@sindresorhus\is\dist\index.js from C:\Users\sun\Desktop\team08 project\team08-project\backend\src\controllers\user.ctrl.js not supported.
Instead change the require of index.js in C:\Users\sun\Desktop\team08 project\team08-project\backend\src\controllers\user.ctrl.js to a dynamic import() which is available in all CommonJS modules.
    at Object.newLoader [as .js] (C:\Users\sun\Desktop\team08 project\team08-project\backend\node_modules\pirates\lib\index.js:141:7)
    at Object.<anonymous> (C:\Users\sun\Desktop\team08 project\team08-project\backend\src\controllers\user.ctrl.js:12:34)
    at Module._compile (C:\Users\sun\Desktop\team08 project\team08-project\backend\node_modules\pirates\lib\index.js:136:24)
    at Object.newLoader [as .js] (C:\Users\sun\Desktop\team08 project\team08-project\backend\node_modules\pirates\lib\index.js:141:7)
    at Object.<anonymous> (C:\Users\sun\Desktop\team08 project\team08-project\backend\src\routes\user.router.js:8:13)
    at Module._compile (C:\Users\sun\Desktop\team08 project\team08-project\backend\node_modules\pirates\lib\index.js:136:24)
    at Object.newLoader [as .js] (C:\Users\sun\Desktop\team08 project\team08-project\backend\node_modules\pirates\lib\index.js:141:7)
    at Object.<anonymous> (C:\Users\sun\Desktop\team08 project\team08-project\backend\app.js:14:13)
    at Module._compile (C:\Users\sun\Desktop\team08 project\team08-project\backend\node_modules\pirates\lib\index.js:136:24)
    at Object.newLoader [as .js] (C:\Users\sun\Desktop\team08 project\team08-project\backend\node_modules\pirates\lib\index.js:141:7)
    at Object.<anonymous> (C:\Users\sun\Desktop\team08 project\team08-project\backend\node_modules\@babel\node\lib\_babel-node.js:146:21)
2022-11-29 04:12:55 [undefined] error: uncaughtException: require() of ES Module C:\Users\sun\Desktop\team08 project\team08-project\backend\node_modules\@sindresorhus\is\dist\index.js from C:\Users\sun\Desktop\team08 project\team08-project\backend\src\controllers\user.ctrl.js not supported.
Instead change the require of index.js in C:\Users\sun\Desktop\team08 project\team08-project\backend\src\controllers\user.ctrl.js to a dynamic import() which is available in all CommonJS modules.
Error [ERR_REQUIRE_ESM]: require() of ES Module C:\Users\sun\Desktop\team08 project\team08-project\backend\node_modules\@sindresorhus\is\dist\index.js from C:\Users\sun\Desktop\team08 project\team08-project\backend\src\controllers\user.ctrl.js not supported.
Instead change the require of index.js in C:\Users\sun\Desktop\team08 project\team08-project\backend\src\controllers\user.ctrl.js to a dynamic import() which is available in all CommonJS modules.
    at Object.newLoader [as .js] (C:\Users\sun\Desktop\team08 project\team08-project\backend\node_modules\pirates\lib\index.js:141:7)
    at Object.<anonymous> (C:\Users\sun\Desktop\team08 project\team08-project\backend\src\controllers\user.ctrl.js:12:34)
    at Module._compile (C:\Users\sun\Desktop\team08 project\team08-project\backend\node_modules\pirates\lib\index.js:136:24)
    at Object.newLoader [as .js] (C:\Users\sun\Desktop\team08 project\team08-project\backend\node_modules\pirates\lib\index.js:141:7)
    at Object.<anonymous> (C:\Users\sun\Desktop\team08 project\team08-project\backend\src\routes\user.router.js:8:13)
    at Module._compile (C:\Users\sun\Desktop\team08 project\team08-project\backend\node_modules\pirates\lib\index.js:136:24)
    at Object.newLoader [as .js] (C:\Users\sun\Desktop\team08 project\team08-project\backend\node_modules\pirates\lib\index.js:141:7)
    at Object.<anonymous> (C:\Users\sun\Desktop\team08 project\team08-project\backend\app.js:14:13)
    at Module._compile (C:\Users\sun\Desktop\team08 project\team08-project\backend\node_modules\pirates\lib\index.js:136:24)
    at Object.newLoader [as .js] (C:\Users\sun\Desktop\team08 project\team08-project\backend\node_modules\pirates\lib\index.js:141:7)
    at Object.<anonymous> (C:\Users\sun\Desktop\team08 project\team08-project\backend\node_modules\@babel\node\lib\_babel-node.js:146:21)
2022-11-29 04:13:13 [undefined] error: uncaughtException: require() of ES Module C:\Users\sun\Desktop\team08 project\team08-project\backend\node_modules\@sindresorhus\is\dist\index.js from C:\Users\sun\Desktop\team08 project\team08-project\backend\src\controllers\user.ctrl.js not supported.
Instead change the require of index.js in C:\Users\sun\Desktop\team08 project\team08-project\backend\src\controllers\user.ctrl.js to a dynamic import() which is available in all CommonJS modules.
Error [ERR_REQUIRE_ESM]: require() of ES Module C:\Users\sun\Desktop\team08 project\team08-project\backend\node_modules\@sindresorhus\is\dist\index.js from C:\Users\sun\Desktop\team08 project\team08-project\backend\src\controllers\user.ctrl.js not supported.
Instead change the require of index.js in C:\Users\sun\Desktop\team08 project\team08-project\backend\src\controllers\user.ctrl.js to a dynamic import() which is available in all CommonJS modules.
    at Object.newLoader [as .js] (C:\Users\sun\Desktop\team08 project\team08-project\backend\node_modules\pirates\lib\index.js:141:7)
    at Object.<anonymous> (C:\Users\sun\Desktop\team08 project\team08-project\backend\src\controllers\user.ctrl.js:12:34)
    at Module._compile (C:\Users\sun\Desktop\team08 project\team08-project\backend\node_modules\pirates\lib\index.js:136:24)
    at Object.newLoader [as .js] (C:\Users\sun\Desktop\team08 project\team08-project\backend\node_modules\pirates\lib\index.js:141:7)
    at Object.<anonymous> (C:\Users\sun\Desktop\team08 project\team08-project\backend\src\routes\user.router.js:8:13)
    at Module._compile (C:\Users\sun\Desktop\team08 project\team08-project\backend\node_modules\pirates\lib\index.js:136:24)
    at Object.newLoader [as .js] (C:\Users\sun\Desktop\team08 project\team08-project\backend\node_modules\pirates\lib\index.js:141:7)
    at Object.<anonymous> (C:\Users\sun\Desktop\team08 project\team08-project\backend\app.js:14:13)
    at Module._compile (C:\Users\sun\Desktop\team08 project\team08-project\backend\node_modules\pirates\lib\index.js:136:24)
    at Object.newLoader [as .js] (C:\Users\sun\Desktop\team08 project\team08-project\backend\node_modules\pirates\lib\index.js:141:7)
    at Object.<anonymous> (C:\Users\sun\Desktop\team08 project\team08-project\backend\node_modules\@babel\node\lib\_babel-node.js:146:21)
2022-11-29 04:17:08 [undefined] error: uncaughtException: Route.get() requires a callback function but got a [object Undefined]
Error: Route.get() requires a callback function but got a [object Undefined]
    at Route.<computed> [as get] (C:\Users\sun\Desktop\team08 project\team08-project\backend\node_modules\express\lib\router\route.js:211:15)
    at Function.get (C:\Users\sun\Desktop\team08 project\team08-project\backend\node_modules\express\lib\router\index.js:521:19)
    at Object.<anonymous> (C:\Users\sun\Desktop\team08 project\team08-project\backend\src\routes\/user.router.js:12:12)
    at Module._compile (node:internal/modules/cjs/loader:1126:14)
    at Module._compile (C:\Users\sun\Desktop\team08 project\team08-project\backend\node_modules\pirates\lib\index.js:136:24)
    at Module._extensions..js (node:internal/modules/cjs/loader:1180:10)
    at Object.newLoader [as .js] (C:\Users\sun\Desktop\team08 project\team08-project\backend\node_modules\pirates\lib\index.js:141:7)
    at Module.load (node:internal/modules/cjs/loader:1004:32)
    at Function.Module._load (node:internal/modules/cjs/loader:839:12)
    at Module.require (node:internal/modules/cjs/loader:1028:19)
    at require (node:internal/modules/cjs/helpers:102:18)
    at Object.<anonymous> (C:\Users\sun\Desktop\team08 project\team08-project\backend\/app.js:16:1)
    at Module._compile (node:internal/modules/cjs/loader:1126:14)
    at Module._compile (C:\Users\sun\Desktop\team08 project\team08-project\backend\node_modules\pirates\lib\index.js:136:24)
    at Module._extensions..js (node:internal/modules/cjs/loader:1180:10)
    at Object.newLoader [as .js] (C:\Users\sun\Desktop\team08 project\team08-project\backend\node_modules\pirates\lib\index.js:141:7)
    at Module.load (node:internal/modules/cjs/loader:1004:32)
    at Function.Module._load (node:internal/modules/cjs/loader:839:12)
    at Function.runMain (node:internal/modules/run_main:81:12)
    at Object.<anonymous> (C:\Users\sun\Desktop\team08 project\team08-project\backend\node_modules\@babel\node\src\_babel-node.ts:214:12)
    at Module._compile (node:internal/modules/cjs/loader:1126:14)
    at Object.Module._extensions..js (node:internal/modules/cjs/loader:1180:10)
    at Module.load (node:internal/modules/cjs/loader:1004:32)
    at Function.Module._load (node:internal/modules/cjs/loader:839:12)
    at Function.executeUserEntryPoint [as runMain] (node:internal/modules/run_main:81:12)
    at node:internal/main/run_main_module:17:47
2022-11-29 04:18:20 [undefined] error: uncaughtException: Route.get() requires a callback function but got a [object Undefined]
Error: Route.get() requires a callback function but got a [object Undefined]
    at Route.<computed> [as get] (C:\Users\sun\Desktop\team08 project\team08-project\backend\node_modules\express\lib\router\route.js:211:15)
    at Function.get (C:\Users\sun\Desktop\team08 project\team08-project\backend\node_modules\express\lib\router\index.js:521:19)
    at Object.<anonymous> (C:\Users\sun\Desktop\team08 project\team08-project\backend\src\routes\/user.router.js:39:12)
    at Module._compile (node:internal/modules/cjs/loader:1126:14)
    at Module._compile (C:\Users\sun\Desktop\team08 project\team08-project\backend\node_modules\pirates\lib\index.js:136:24)
    at Module._extensions..js (node:internal/modules/cjs/loader:1180:10)
    at Object.newLoader [as .js] (C:\Users\sun\Desktop\team08 project\team08-project\backend\node_modules\pirates\lib\index.js:141:7)
    at Module.load (node:internal/modules/cjs/loader:1004:32)
    at Function.Module._load (node:internal/modules/cjs/loader:839:12)
    at Module.require (node:internal/modules/cjs/loader:1028:19)
    at require (node:internal/modules/cjs/helpers:102:18)
    at Object.<anonymous> (C:\Users\sun\Desktop\team08 project\team08-project\backend\/app.js:16:1)
    at Module._compile (node:internal/modules/cjs/loader:1126:14)
    at Module._compile (C:\Users\sun\Desktop\team08 project\team08-project\backend\node_modules\pirates\lib\index.js:136:24)
    at Module._extensions..js (node:internal/modules/cjs/loader:1180:10)
    at Object.newLoader [as .js] (C:\Users\sun\Desktop\team08 project\team08-project\backend\node_modules\pirates\lib\index.js:141:7)
    at Module.load (node:internal/modules/cjs/loader:1004:32)
    at Function.Module._load (node:internal/modules/cjs/loader:839:12)
    at Function.runMain (node:internal/modules/run_main:81:12)
    at Object.<anonymous> (C:\Users\sun\Desktop\team08 project\team08-project\backend\node_modules\@babel\node\src\_babel-node.ts:214:12)
    at Module._compile (node:internal/modules/cjs/loader:1126:14)
    at Object.Module._extensions..js (node:internal/modules/cjs/loader:1180:10)
    at Module.load (node:internal/modules/cjs/loader:1004:32)
    at Function.Module._load (node:internal/modules/cjs/loader:839:12)
    at Function.executeUserEntryPoint [as runMain] (node:internal/modules/run_main:81:12)
    at node:internal/main/run_main_module:17:47
2022-11-29 04:18:32 [undefined] error: uncaughtException: Route.get() requires a callback function but got a [object Undefined]
Error: Route.get() requires a callback function but got a [object Undefined]
    at Route.<computed> [as get] (C:\Users\sun\Desktop\team08 project\team08-project\backend\node_modules\express\lib\router\route.js:211:15)
    at Function.get (C:\Users\sun\Desktop\team08 project\team08-project\backend\node_modules\express\lib\router\index.js:521:19)
    at Object.<anonymous> (C:\Users\sun\Desktop\team08 project\team08-project\backend\src\routes\/user.router.js:39:12)
    at Module._compile (node:internal/modules/cjs/loader:1126:14)
    at Module._compile (C:\Users\sun\Desktop\team08 project\team08-project\backend\node_modules\pirates\lib\index.js:136:24)
    at Module._extensions..js (node:internal/modules/cjs/loader:1180:10)
    at Object.newLoader [as .js] (C:\Users\sun\Desktop\team08 project\team08-project\backend\node_modules\pirates\lib\index.js:141:7)
    at Module.load (node:internal/modules/cjs/loader:1004:32)
    at Function.Module._load (node:internal/modules/cjs/loader:839:12)
    at Module.require (node:internal/modules/cjs/loader:1028:19)
    at require (node:internal/modules/cjs/helpers:102:18)
    at Object.<anonymous> (C:\Users\sun\Desktop\team08 project\team08-project\backend\/app.js:16:1)
    at Module._compile (node:internal/modules/cjs/loader:1126:14)
    at Module._compile (C:\Users\sun\Desktop\team08 project\team08-project\backend\node_modules\pirates\lib\index.js:136:24)
    at Module._extensions..js (node:internal/modules/cjs/loader:1180:10)
    at Object.newLoader [as .js] (C:\Users\sun\Desktop\team08 project\team08-project\backend\node_modules\pirates\lib\index.js:141:7)
    at Module.load (node:internal/modules/cjs/loader:1004:32)
    at Function.Module._load (node:internal/modules/cjs/loader:839:12)
    at Function.runMain (node:internal/modules/run_main:81:12)
    at Object.<anonymous> (C:\Users\sun\Desktop\team08 project\team08-project\backend\node_modules\@babel\node\src\_babel-node.ts:214:12)
    at Module._compile (node:internal/modules/cjs/loader:1126:14)
    at Object.Module._extensions..js (node:internal/modules/cjs/loader:1180:10)
    at Module.load (node:internal/modules/cjs/loader:1004:32)
    at Function.Module._load (node:internal/modules/cjs/loader:839:12)
    at Function.executeUserEntryPoint [as runMain] (node:internal/modules/run_main:81:12)
    at node:internal/main/run_main_module:17:47
2022-11-29 04:18:52 [undefined] error: uncaughtException: Route.get() requires a callback function but got a [object Undefined]
Error: Route.get() requires a callback function but got a [object Undefined]
    at Route.<computed> [as get] (C:\Users\sun\Desktop\team08 project\team08-project\backend\node_modules\express\lib\router\route.js:211:15)
    at Function.get (C:\Users\sun\Desktop\team08 project\team08-project\backend\node_modules\express\lib\router\index.js:521:19)
    at Object.<anonymous> (C:\Users\sun\Desktop\team08 project\team08-project\backend\src\routes\/user.router.js:39:12)
    at Module._compile (node:internal/modules/cjs/loader:1126:14)
    at Module._compile (C:\Users\sun\Desktop\team08 project\team08-project\backend\node_modules\pirates\lib\index.js:136:24)
    at Module._extensions..js (node:internal/modules/cjs/loader:1180:10)
    at Object.newLoader [as .js] (C:\Users\sun\Desktop\team08 project\team08-project\backend\node_modules\pirates\lib\index.js:141:7)
    at Module.load (node:internal/modules/cjs/loader:1004:32)
    at Function.Module._load (node:internal/modules/cjs/loader:839:12)
    at Module.require (node:internal/modules/cjs/loader:1028:19)
    at require (node:internal/modules/cjs/helpers:102:18)
    at Object.<anonymous> (C:\Users\sun\Desktop\team08 project\team08-project\backend\/app.js:16:1)
    at Module._compile (node:internal/modules/cjs/loader:1126:14)
    at Module._compile (C:\Users\sun\Desktop\team08 project\team08-project\backend\node_modules\pirates\lib\index.js:136:24)
    at Module._extensions..js (node:internal/modules/cjs/loader:1180:10)
    at Object.newLoader [as .js] (C:\Users\sun\Desktop\team08 project\team08-project\backend\node_modules\pirates\lib\index.js:141:7)
    at Module.load (node:internal/modules/cjs/loader:1004:32)
    at Function.Module._load (node:internal/modules/cjs/loader:839:12)
    at Function.runMain (node:internal/modules/run_main:81:12)
    at Object.<anonymous> (C:\Users\sun\Desktop\team08 project\team08-project\backend\node_modules\@babel\node\src\_babel-node.ts:214:12)
    at Module._compile (node:internal/modules/cjs/loader:1126:14)
    at Object.Module._extensions..js (node:internal/modules/cjs/loader:1180:10)
    at Module.load (node:internal/modules/cjs/loader:1004:32)
    at Function.Module._load (node:internal/modules/cjs/loader:839:12)
    at Function.executeUserEntryPoint [as runMain] (node:internal/modules/run_main:81:12)
    at node:internal/main/run_main_module:17:47
2022-11-29 04:19:08 [undefined] error: uncaughtException: Route.get() requires a callback function but got a [object Undefined]
Error: Route.get() requires a callback function but got a [object Undefined]
    at Route.<computed> [as get] (C:\Users\sun\Desktop\team08 project\team08-project\backend\node_modules\express\lib\router\route.js:211:15)
    at Function.get (C:\Users\sun\Desktop\team08 project\team08-project\backend\node_modules\express\lib\router\index.js:521:19)
    at Object.<anonymous> (C:\Users\sun\Desktop\team08 project\team08-project\backend\src\routes\/user.router.js:42:12)
    at Module._compile (node:internal/modules/cjs/loader:1126:14)
    at Module._compile (C:\Users\sun\Desktop\team08 project\team08-project\backend\node_modules\pirates\lib\index.js:136:24)
    at Module._extensions..js (node:internal/modules/cjs/loader:1180:10)
    at Object.newLoader [as .js] (C:\Users\sun\Desktop\team08 project\team08-project\backend\node_modules\pirates\lib\index.js:141:7)
    at Module.load (node:internal/modules/cjs/loader:1004:32)
    at Function.Module._load (node:internal/modules/cjs/loader:839:12)
    at Module.require (node:internal/modules/cjs/loader:1028:19)
    at require (node:internal/modules/cjs/helpers:102:18)
    at Object.<anonymous> (C:\Users\sun\Desktop\team08 project\team08-project\backend\/app.js:16:1)
    at Module._compile (node:internal/modules/cjs/loader:1126:14)
    at Module._compile (C:\Users\sun\Desktop\team08 project\team08-project\backend\node_modules\pirates\lib\index.js:136:24)
    at Module._extensions..js (node:internal/modules/cjs/loader:1180:10)
    at Object.newLoader [as .js] (C:\Users\sun\Desktop\team08 project\team08-project\backend\node_modules\pirates\lib\index.js:141:7)
    at Module.load (node:internal/modules/cjs/loader:1004:32)
    at Function.Module._load (node:internal/modules/cjs/loader:839:12)
    at Function.runMain (node:internal/modules/run_main:81:12)
    at Object.<anonymous> (C:\Users\sun\Desktop\team08 project\team08-project\backend\node_modules\@babel\node\src\_babel-node.ts:214:12)
    at Module._compile (node:internal/modules/cjs/loader:1126:14)
    at Object.Module._extensions..js (node:internal/modules/cjs/loader:1180:10)
    at Module.load (node:internal/modules/cjs/loader:1004:32)
    at Function.Module._load (node:internal/modules/cjs/loader:839:12)
    at Function.executeUserEntryPoint [as runMain] (node:internal/modules/run_main:81:12)
    at node:internal/main/run_main_module:17:47
2022-11-29 04:19:30 [undefined] error: uncaughtException: Route.get() requires a callback function but got a [object Undefined]
Error: Route.get() requires a callback function but got a [object Undefined]
    at Route.<computed> [as get] (C:\Users\sun\Desktop\team08 project\team08-project\backend\node_modules\express\lib\router\route.js:211:15)
    at Function.get (C:\Users\sun\Desktop\team08 project\team08-project\backend\node_modules\express\lib\router\index.js:521:19)
    at Object.<anonymous> (C:\Users\sun\Desktop\team08 project\team08-project\backend\src\routes\/user.router.js:42:12)
    at Module._compile (node:internal/modules/cjs/loader:1126:14)
    at Module._compile (C:\Users\sun\Desktop\team08 project\team08-project\backend\node_modules\pirates\lib\index.js:136:24)
    at Module._extensions..js (node:internal/modules/cjs/loader:1180:10)
    at Object.newLoader [as .js] (C:\Users\sun\Desktop\team08 project\team08-project\backend\node_modules\pirates\lib\index.js:141:7)
    at Module.load (node:internal/modules/cjs/loader:1004:32)
    at Function.Module._load (node:internal/modules/cjs/loader:839:12)
    at Module.require (node:internal/modules/cjs/loader:1028:19)
    at require (node:internal/modules/cjs/helpers:102:18)
    at Object.<anonymous> (C:\Users\sun\Desktop\team08 project\team08-project\backend\/app.js:16:1)
    at Module._compile (node:internal/modules/cjs/loader:1126:14)
    at Module._compile (C:\Users\sun\Desktop\team08 project\team08-project\backend\node_modules\pirates\lib\index.js:136:24)
    at Module._extensions..js (node:internal/modules/cjs/loader:1180:10)
    at Object.newLoader [as .js] (C:\Users\sun\Desktop\team08 project\team08-project\backend\node_modules\pirates\lib\index.js:141:7)
    at Module.load (node:internal/modules/cjs/loader:1004:32)
    at Function.Module._load (node:internal/modules/cjs/loader:839:12)
    at Function.runMain (node:internal/modules/run_main:81:12)
    at Object.<anonymous> (C:\Users\sun\Desktop\team08 project\team08-project\backend\node_modules\@babel\node\src\_babel-node.ts:214:12)
    at Module._compile (node:internal/modules/cjs/loader:1126:14)
    at Object.Module._extensions..js (node:internal/modules/cjs/loader:1180:10)
    at Module.load (node:internal/modules/cjs/loader:1004:32)
    at Function.Module._load (node:internal/modules/cjs/loader:839:12)
    at Function.executeUserEntryPoint [as runMain] (node:internal/modules/run_main:81:12)
    at node:internal/main/run_main_module:17:47
2022-11-29 04:19:47 [undefined] error: uncaughtException: Route.get() requires a callback function but got a [object Undefined]
Error: Route.get() requires a callback function but got a [object Undefined]
    at Route.<computed> [as get] (C:\Users\sun\Desktop\team08 project\team08-project\backend\node_modules\express\lib\router\route.js:211:15)
    at Function.get (C:\Users\sun\Desktop\team08 project\team08-project\backend\node_modules\express\lib\router\index.js:521:19)
    at Object.<anonymous> (C:\Users\sun\Desktop\team08 project\team08-project\backend\src\routes\/user.router.js:42:12)
    at Module._compile (node:internal/modules/cjs/loader:1126:14)
    at Module._compile (C:\Users\sun\Desktop\team08 project\team08-project\backend\node_modules\pirates\lib\index.js:136:24)
    at Module._extensions..js (node:internal/modules/cjs/loader:1180:10)
    at Object.newLoader [as .js] (C:\Users\sun\Desktop\team08 project\team08-project\backend\node_modules\pirates\lib\index.js:141:7)
    at Module.load (node:internal/modules/cjs/loader:1004:32)
    at Function.Module._load (node:internal/modules/cjs/loader:839:12)
    at Module.require (node:internal/modules/cjs/loader:1028:19)
    at require (node:internal/modules/cjs/helpers:102:18)
    at Object.<anonymous> (C:\Users\sun\Desktop\team08 project\team08-project\backend\/app.js:16:1)
    at Module._compile (node:internal/modules/cjs/loader:1126:14)
    at Module._compile (C:\Users\sun\Desktop\team08 project\team08-project\backend\node_modules\pirates\lib\index.js:136:24)
    at Module._extensions..js (node:internal/modules/cjs/loader:1180:10)
    at Object.newLoader [as .js] (C:\Users\sun\Desktop\team08 project\team08-project\backend\node_modules\pirates\lib\index.js:141:7)
    at Module.load (node:internal/modules/cjs/loader:1004:32)
    at Function.Module._load (node:internal/modules/cjs/loader:839:12)
    at Function.runMain (node:internal/modules/run_main:81:12)
    at Object.<anonymous> (C:\Users\sun\Desktop\team08 project\team08-project\backend\node_modules\@babel\node\src\_babel-node.ts:214:12)
    at Module._compile (node:internal/modules/cjs/loader:1126:14)
    at Object.Module._extensions..js (node:internal/modules/cjs/loader:1180:10)
    at Module.load (node:internal/modules/cjs/loader:1004:32)
    at Function.Module._load (node:internal/modules/cjs/loader:839:12)
    at Function.executeUserEntryPoint [as runMain] (node:internal/modules/run_main:81:12)
    at node:internal/main/run_main_module:17:47
