2022-11-26 21:47:00 [undefined] error: uncaughtException: compression is not defined
ReferenceError: compression is not defined
    at Object.<anonymous> (C:\Users\sun\Desktop\team08 project\team08-project\backend\/app.js:31:5)
    at Module._compile (node:internal/modules/cjs/loader:1126:14)
    at Module._compile (C:\Users\sun\Desktop\team08 project\team08-project\backend\node_modules\pirates\lib\index.js:136:24)
    at Module._extensions..js (node:internal/modules/cjs/loader:1180:10)
    at Object.newLoader [as .js] (C:\Users\sun\Desktop\team08 project\team08-project\backend\node_modules\pirates\lib\index.js:141:7)
    at Module.load (node:internal/modules/cjs/loader:1004:32)
    at Function.Module._load (node:internal/modules/cjs/loader:839:12)
    at Function.runMain (node:internal/modules/run_main:81:12)
    at Object.<anonymous> (C:\Users\sun\Desktop\team08 project\team08-project\backend\node_modules\@babel\node\src\_babel-node.ts:214:12)
    at Module._compile (node:internal/modules/cjs/loader:1126:14)
    at Object.Module._extensions..js (node:internal/modules/cjs/loader:1180:10)
    at Module.load (node:internal/modules/cjs/loader:1004:32)
    at Function.Module._load (node:internal/modules/cjs/loader:839:12)
    at Function.executeUserEntryPoint [as runMain] (node:internal/modules/run_main:81:12)
    at node:internal/main/run_main_module:17:47
2022-11-26 21:47:34 [undefined] error: uncaughtException: compression is not defined
ReferenceError: compression is not defined
    at Object.<anonymous> (C:\Users\sun\Desktop\team08 project\team08-project\backend\/app.js:31:5)
    at Module._compile (node:internal/modules/cjs/loader:1126:14)
    at Module._compile (C:\Users\sun\Desktop\team08 project\team08-project\backend\node_modules\pirates\lib\index.js:136:24)
    at Module._extensions..js (node:internal/modules/cjs/loader:1180:10)
    at Object.newLoader [as .js] (C:\Users\sun\Desktop\team08 project\team08-project\backend\node_modules\pirates\lib\index.js:141:7)
    at Module.load (node:internal/modules/cjs/loader:1004:32)
    at Function.Module._load (node:internal/modules/cjs/loader:839:12)
    at Function.runMain (node:internal/modules/run_main:81:12)
    at Object.<anonymous> (C:\Users\sun\Desktop\team08 project\team08-project\backend\node_modules\@babel\node\src\_babel-node.ts:214:12)
    at Module._compile (node:internal/modules/cjs/loader:1126:14)
    at Object.Module._extensions..js (node:internal/modules/cjs/loader:1180:10)
    at Module.load (node:internal/modules/cjs/loader:1004:32)
    at Function.Module._load (node:internal/modules/cjs/loader:839:12)
    at Function.executeUserEntryPoint [as runMain] (node:internal/modules/run_main:81:12)
    at node:internal/main/run_main_module:17:47
2022-11-26 21:49:17 [undefined] error: uncaughtException: compression is not defined
ReferenceError: compression is not defined
    at Object.<anonymous> (C:\Users\sun\Desktop\team08 project\team08-project\backend\/app.js:31:5)
    at Module._compile (node:internal/modules/cjs/loader:1126:14)
    at Module._compile (C:\Users\sun\Desktop\team08 project\team08-project\backend\node_modules\pirates\lib\index.js:136:24)
    at Module._extensions..js (node:internal/modules/cjs/loader:1180:10)
    at Object.newLoader [as .js] (C:\Users\sun\Desktop\team08 project\team08-project\backend\node_modules\pirates\lib\index.js:141:7)
    at Module.load (node:internal/modules/cjs/loader:1004:32)
    at Function.Module._load (node:internal/modules/cjs/loader:839:12)
    at Function.runMain (node:internal/modules/run_main:81:12)
    at Object.<anonymous> (C:\Users\sun\Desktop\team08 project\team08-project\backend\node_modules\@babel\node\src\_babel-node.ts:214:12)
    at Module._compile (node:internal/modules/cjs/loader:1126:14)
    at Object.Module._extensions..js (node:internal/modules/cjs/loader:1180:10)
    at Module.load (node:internal/modules/cjs/loader:1004:32)
    at Function.Module._load (node:internal/modules/cjs/loader:839:12)
    at Function.executeUserEntryPoint [as runMain] (node:internal/modules/run_main:81:12)
    at node:internal/main/run_main_module:17:47
2022-11-26 21:50:07 [undefined] error: uncaughtException: FileStore is not defined
ReferenceError: FileStore is not defined
    at Object.<anonymous> (C:\Users\sun\Desktop\team08 project\team08-project\backend\/app.js:37:16)
    at Module._compile (node:internal/modules/cjs/loader:1126:14)
    at Module._compile (C:\Users\sun\Desktop\team08 project\team08-project\backend\node_modules\pirates\lib\index.js:136:24)
    at Module._extensions..js (node:internal/modules/cjs/loader:1180:10)
    at Object.newLoader [as .js] (C:\Users\sun\Desktop\team08 project\team08-project\backend\node_modules\pirates\lib\index.js:141:7)
    at Module.load (node:internal/modules/cjs/loader:1004:32)
    at Function.Module._load (node:internal/modules/cjs/loader:839:12)
    at Function.runMain (node:internal/modules/run_main:81:12)
    at Object.<anonymous> (C:\Users\sun\Desktop\team08 project\team08-project\backend\node_modules\@babel\node\src\_babel-node.ts:214:12)
    at Module._compile (node:internal/modules/cjs/loader:1126:14)
    at Object.Module._extensions..js (node:internal/modules/cjs/loader:1180:10)
    at Module.load (node:internal/modules/cjs/loader:1004:32)
    at Function.Module._load (node:internal/modules/cjs/loader:839:12)
    at Function.executeUserEntryPoint [as runMain] (node:internal/modules/run_main:81:12)
    at node:internal/main/run_main_module:17:47
2022-11-26 21:50:31 [undefined] error: uncaughtException: FileStore is not defined
ReferenceError: FileStore is not defined
    at Object.<anonymous> (C:\Users\sun\Desktop\team08 project\team08-project\backend\/app.js:37:16)
    at Module._compile (node:internal/modules/cjs/loader:1126:14)
    at Module._compile (C:\Users\sun\Desktop\team08 project\team08-project\backend\node_modules\pirates\lib\index.js:136:24)
    at Module._extensions..js (node:internal/modules/cjs/loader:1180:10)
    at Object.newLoader [as .js] (C:\Users\sun\Desktop\team08 project\team08-project\backend\node_modules\pirates\lib\index.js:141:7)
    at Module.load (node:internal/modules/cjs/loader:1004:32)
    at Function.Module._load (node:internal/modules/cjs/loader:839:12)
    at Function.runMain (node:internal/modules/run_main:81:12)
    at Object.<anonymous> (C:\Users\sun\Desktop\team08 project\team08-project\backend\node_modules\@babel\node\src\_babel-node.ts:214:12)
    at Module._compile (node:internal/modules/cjs/loader:1126:14)
    at Object.Module._extensions..js (node:internal/modules/cjs/loader:1180:10)
    at Module.load (node:internal/modules/cjs/loader:1004:32)
    at Function.Module._load (node:internal/modules/cjs/loader:839:12)
    at Function.executeUserEntryPoint [as runMain] (node:internal/modules/run_main:81:12)
    at node:internal/main/run_main_module:17:47
2022-11-26 21:53:10 [undefined] error: uncaughtException: FileStore is not defined
ReferenceError: FileStore is not defined
    at Object.<anonymous> (C:\Users\sun\Desktop\team08 project\team08-project\backend\/app.js:37:16)
    at Module._compile (node:internal/modules/cjs/loader:1126:14)
    at Module._compile (C:\Users\sun\Desktop\team08 project\team08-project\backend\node_modules\pirates\lib\index.js:136:24)
    at Module._extensions..js (node:internal/modules/cjs/loader:1180:10)
    at Object.newLoader [as .js] (C:\Users\sun\Desktop\team08 project\team08-project\backend\node_modules\pirates\lib\index.js:141:7)
    at Module.load (node:internal/modules/cjs/loader:1004:32)
    at Function.Module._load (node:internal/modules/cjs/loader:839:12)
    at Function.runMain (node:internal/modules/run_main:81:12)
    at Object.<anonymous> (C:\Users\sun\Desktop\team08 project\team08-project\backend\node_modules\@babel\node\src\_babel-node.ts:214:12)
    at Module._compile (node:internal/modules/cjs/loader:1126:14)
    at Object.Module._extensions..js (node:internal/modules/cjs/loader:1180:10)
    at Module.load (node:internal/modules/cjs/loader:1004:32)
    at Function.Module._load (node:internal/modules/cjs/loader:839:12)
    at Function.executeUserEntryPoint [as runMain] (node:internal/modules/run_main:81:12)
    at node:internal/main/run_main_module:17:47
2022-11-26 21:53:44 [undefined] error: uncaughtException: FileStore is not defined
ReferenceError: FileStore is not defined
    at Object.<anonymous> (C:\Users\sun\Desktop\team08 project\team08-project\backend\/app.js:37:16)
    at Module._compile (node:internal/modules/cjs/loader:1126:14)
    at Module._compile (C:\Users\sun\Desktop\team08 project\team08-project\backend\node_modules\pirates\lib\index.js:136:24)
    at Module._extensions..js (node:internal/modules/cjs/loader:1180:10)
    at Object.newLoader [as .js] (C:\Users\sun\Desktop\team08 project\team08-project\backend\node_modules\pirates\lib\index.js:141:7)
    at Module.load (node:internal/modules/cjs/loader:1004:32)
    at Function.Module._load (node:internal/modules/cjs/loader:839:12)
    at Function.runMain (node:internal/modules/run_main:81:12)
    at Object.<anonymous> (C:\Users\sun\Desktop\team08 project\team08-project\backend\node_modules\@babel\node\src\_babel-node.ts:214:12)
    at Module._compile (node:internal/modules/cjs/loader:1126:14)
    at Object.Module._extensions..js (node:internal/modules/cjs/loader:1180:10)
    at Module.load (node:internal/modules/cjs/loader:1004:32)
    at Function.Module._load (node:internal/modules/cjs/loader:839:12)
    at Function.executeUserEntryPoint [as runMain] (node:internal/modules/run_main:81:12)
    at node:internal/main/run_main_module:17:47
2022-11-26 21:55:47 [undefined] error: uncaughtException: FileStore is not defined
ReferenceError: FileStore is not defined
    at Object.<anonymous> (C:\Users\sun\Desktop\team08 project\team08-project\backend\/app.js:37:16)
    at Module._compile (node:internal/modules/cjs/loader:1126:14)
    at Module._compile (C:\Users\sun\Desktop\team08 project\team08-project\backend\node_modules\pirates\lib\index.js:136:24)
    at Module._extensions..js (node:internal/modules/cjs/loader:1180:10)
    at Object.newLoader [as .js] (C:\Users\sun\Desktop\team08 project\team08-project\backend\node_modules\pirates\lib\index.js:141:7)
    at Module.load (node:internal/modules/cjs/loader:1004:32)
    at Function.Module._load (node:internal/modules/cjs/loader:839:12)
    at Function.runMain (node:internal/modules/run_main:81:12)
    at Object.<anonymous> (C:\Users\sun\Desktop\team08 project\team08-project\backend\node_modules\@babel\node\src\_babel-node.ts:214:12)
    at Module._compile (node:internal/modules/cjs/loader:1126:14)
    at Object.Module._extensions..js (node:internal/modules/cjs/loader:1180:10)
    at Module.load (node:internal/modules/cjs/loader:1004:32)
    at Function.Module._load (node:internal/modules/cjs/loader:839:12)
    at Function.executeUserEntryPoint [as runMain] (node:internal/modules/run_main:81:12)
    at node:internal/main/run_main_module:17:47
2022-11-26 21:56:51 [undefined] error: uncaughtException: FileStore is not defined
ReferenceError: FileStore is not defined
    at Object.<anonymous> (C:\Users\sun\Desktop\team08 project\team08-project\backend\/app.js:37:16)
    at Module._compile (node:internal/modules/cjs/loader:1126:14)
    at Module._compile (C:\Users\sun\Desktop\team08 project\team08-project\backend\node_modules\pirates\lib\index.js:136:24)
    at Module._extensions..js (node:internal/modules/cjs/loader:1180:10)
    at Object.newLoader [as .js] (C:\Users\sun\Desktop\team08 project\team08-project\backend\node_modules\pirates\lib\index.js:141:7)
    at Module.load (node:internal/modules/cjs/loader:1004:32)
    at Function.Module._load (node:internal/modules/cjs/loader:839:12)
    at Function.runMain (node:internal/modules/run_main:81:12)
    at Object.<anonymous> (C:\Users\sun\Desktop\team08 project\team08-project\backend\node_modules\@babel\node\src\_babel-node.ts:214:12)
    at Module._compile (node:internal/modules/cjs/loader:1126:14)
    at Object.Module._extensions..js (node:internal/modules/cjs/loader:1180:10)
    at Module.load (node:internal/modules/cjs/loader:1004:32)
    at Function.Module._load (node:internal/modules/cjs/loader:839:12)
    at Function.executeUserEntryPoint [as runMain] (node:internal/modules/run_main:81:12)
    at node:internal/main/run_main_module:17:47
2022-11-26 21:57:08 [undefined] error: uncaughtException: FileStore is not defined
ReferenceError: FileStore is not defined
    at Object.<anonymous> (C:\Users\sun\Desktop\team08 project\team08-project\backend\/app.js:37:16)
    at Module._compile (node:internal/modules/cjs/loader:1126:14)
    at Module._compile (C:\Users\sun\Desktop\team08 project\team08-project\backend\node_modules\pirates\lib\index.js:136:24)
    at Module._extensions..js (node:internal/modules/cjs/loader:1180:10)
    at Object.newLoader [as .js] (C:\Users\sun\Desktop\team08 project\team08-project\backend\node_modules\pirates\lib\index.js:141:7)
    at Module.load (node:internal/modules/cjs/loader:1004:32)
    at Function.Module._load (node:internal/modules/cjs/loader:839:12)
    at Function.runMain (node:internal/modules/run_main:81:12)
    at Object.<anonymous> (C:\Users\sun\Desktop\team08 project\team08-project\backend\node_modules\@babel\node\src\_babel-node.ts:214:12)
    at Module._compile (node:internal/modules/cjs/loader:1126:14)
    at Object.Module._extensions..js (node:internal/modules/cjs/loader:1180:10)
    at Module.load (node:internal/modules/cjs/loader:1004:32)
    at Function.Module._load (node:internal/modules/cjs/loader:839:12)
    at Function.executeUserEntryPoint [as runMain] (node:internal/modules/run_main:81:12)
    at node:internal/main/run_main_module:17:47
2022-11-26 21:57:27 [undefined] error: uncaughtException: FileStore is not defined
ReferenceError: FileStore is not defined
    at Object.<anonymous> (C:\Users\sun\Desktop\team08 project\team08-project\backend\/app.js:37:16)
    at Module._compile (node:internal/modules/cjs/loader:1126:14)
    at Module._compile (C:\Users\sun\Desktop\team08 project\team08-project\backend\node_modules\pirates\lib\index.js:136:24)
    at Module._extensions..js (node:internal/modules/cjs/loader:1180:10)
    at Object.newLoader [as .js] (C:\Users\sun\Desktop\team08 project\team08-project\backend\node_modules\pirates\lib\index.js:141:7)
    at Module.load (node:internal/modules/cjs/loader:1004:32)
    at Function.Module._load (node:internal/modules/cjs/loader:839:12)
    at Function.runMain (node:internal/modules/run_main:81:12)
    at Object.<anonymous> (C:\Users\sun\Desktop\team08 project\team08-project\backend\node_modules\@babel\node\src\_babel-node.ts:214:12)
    at Module._compile (node:internal/modules/cjs/loader:1126:14)
    at Object.Module._extensions..js (node:internal/modules/cjs/loader:1180:10)
    at Module.load (node:internal/modules/cjs/loader:1004:32)
    at Function.Module._load (node:internal/modules/cjs/loader:839:12)
    at Function.executeUserEntryPoint [as runMain] (node:internal/modules/run_main:81:12)
    at node:internal/main/run_main_module:17:47
2022-11-26 21:58:02 [undefined] error: uncaughtException: FileStore is not defined
ReferenceError: FileStore is not defined
    at Object.<anonymous> (C:\Users\sun\Desktop\team08 project\team08-project\backend\/app.js:37:16)
    at Module._compile (node:internal/modules/cjs/loader:1126:14)
    at Module._compile (C:\Users\sun\Desktop\team08 project\team08-project\backend\node_modules\pirates\lib\index.js:136:24)
    at Module._extensions..js (node:internal/modules/cjs/loader:1180:10)
    at Object.newLoader [as .js] (C:\Users\sun\Desktop\team08 project\team08-project\backend\node_modules\pirates\lib\index.js:141:7)
    at Module.load (node:internal/modules/cjs/loader:1004:32)
    at Function.Module._load (node:internal/modules/cjs/loader:839:12)
    at Function.runMain (node:internal/modules/run_main:81:12)
    at Object.<anonymous> (C:\Users\sun\Desktop\team08 project\team08-project\backend\node_modules\@babel\node\src\_babel-node.ts:214:12)
    at Module._compile (node:internal/modules/cjs/loader:1126:14)
2022-11-26 23:54:03 [undefined] error: uncaughtException: Cannot find module '../models/User.model.js'
Require stack:
- C:\Users\sun\Desktop\team08 project\team08-project\backend\app.js
Error: Cannot find module '../models/User.model.js'
Require stack:
- C:\Users\sun\Desktop\team08 project\team08-project\backend\app.js
    at Function.Module._resolveFilename (node:internal/modules/cjs/loader:956:15)
    at Function.Module._load (node:internal/modules/cjs/loader:804:27)
    at Module.require (node:internal/modules/cjs/loader:1028:19)
    at require (node:internal/modules/cjs/helpers:102:18)
    at Object.<anonymous> (C:\Users\sun\Desktop\team08 project\team08-project\backend\/app.js:65:1)
    at Module._compile (node:internal/modules/cjs/loader:1126:14)
    at Module._compile (C:\Users\sun\Desktop\team08 project\team08-project\backend\node_modules\pirates\lib\index.js:136:24)
    at Module._extensions..js (node:internal/modules/cjs/loader:1180:10)
    at Object.newLoader [as .js] (C:\Users\sun\Desktop\team08 project\team08-project\backend\node_modules\pirates\lib\index.js:141:7)
    at Module.load (node:internal/modules/cjs/loader:1004:32)
    at Function.Module._load (node:internal/modules/cjs/loader:839:12)
    at Function.runMain (node:internal/modules/run_main:81:12)
    at Object.<anonymous> (C:\Users\sun\Desktop\team08 project\team08-project\backend\node_modules\@babel\node\src\_babel-node.ts:214:12)
    at Module._compile (node:internal/modules/cjs/loader:1126:14)
    at Object.Module._extensions..js (node:internal/modules/cjs/loader:1180:10)
    at Module.load (node:internal/modules/cjs/loader:1004:32)
    at Function.Module._load (node:internal/modules/cjs/loader:839:12)
    at Function.executeUserEntryPoint [as runMain] (node:internal/modules/run_main:81:12)
    at node:internal/main/run_main_module:17:47
